<?xml version="1.0" encoding="UTF-8"?>
<!-- Generated by org.testng.reporters.JUnitReportReporter -->
<testsuite name="testcases.TC002_LoginForNegative" tests="4" time="59.930" ignored="0" failures="0" timestamp="16 Apr 2018 03:41:30 GMT" skipped="0" hostname="prasanna-PC" errors="0">
  <testcase name="loginAndLogout" time="13.357" classname="testcases.TC002_LoginForNegative"/>
  <testcase name="loginAndLogout" time="19.607" classname="testcases.TC002_LoginForNegative"/>
  <testcase name="loginAndLogout" time="13.335" classname="testcases.TC002_LoginForNegative"/>
  <testcase name="loginAndLogout" time="13.631" classname="testcases.TC002_LoginForNegative"/>
</testsuite> <!-- testcases.TC002_LoginForNegative -->
