<?xml version="1.0" encoding="UTF-8"?>
<!-- Generated by org.testng.reporters.JUnitReportReporter -->
<testsuite name="testcases.TC001_LoginAndLogout" tests="2" time="66.528" ignored="0" failures="0" timestamp="16 Apr 2018 03:31:26 GMT" skipped="0" hostname="prasanna-PC" errors="0">
  <testcase name="loginAndLogout" time="20.732" classname="testcases.TC001_LoginAndLogout"/>
  <testcase name="loginAndLogout" time="45.796" classname="testcases.TC001_LoginAndLogout"/>
</testsuite> <!-- testcases.TC001_LoginAndLogout -->
