<?xml version="1.0" encoding="UTF-8"?>
<!-- Generated by org.testng.reporters.JUnitReportReporter -->
<testsuite name="testcases.CreateLead" tests="2" time="71.230" ignored="0" failures="0" timestamp="16 Apr 2018 03:57:48 GMT" skipped="0" hostname="prasanna-PC" errors="0">
  <testcase name="createLead" time="32.956" classname="testcases.CreateLead"/>
  <testcase name="createLead" time="38.274" classname="testcases.CreateLead"/>
</testsuite> <!-- testcases.CreateLead -->
